2023-03-25 23:29:43.364  INFO 3096 --- [main] e.a.AlumnimanagmentsystemApplication     : Starting AlumnimanagmentsystemApplication using Java 17.0.6 on DESKTOP-I7DSEVO with PID 3096 (F:\STS-MARCH2023\sts-4.17.2.RELEASE\PROJECT\alumnimanagmentsystem\target\classes started by HP in F:\STS-MARCH2023\sts-4.17.2.RELEASE\PROJECT\alumnimanagmentsystem)
2023-03-25 23:29:43.377  INFO 3096 --- [main] e.a.AlumnimanagmentsystemApplication     : No active profile set, falling back to 1 default profile: "default"
2023-03-25 23:29:45.023  INFO 3096 --- [main] .s.d.r.c.RepositoryConfigurationDelegate : Bootstrapping Spring Data JPA repositories in DEFAULT mode.
2023-03-25 23:29:45.096  INFO 3096 --- [main] .s.d.r.c.RepositoryConfigurationDelegate : Finished Spring Data repository scanning in 57 ms. Found 1 JPA repository interfaces.
2023-03-25 23:29:45.805  INFO 3096 --- [main] o.s.b.w.embedded.tomcat.TomcatWebServer  : Tomcat initialized with port(s): 9999 (http)
2023-03-25 23:29:45.819  INFO 3096 --- [main] o.apache.catalina.core.StandardService   : Starting service [Tomcat]
2023-03-25 23:29:45.821  INFO 3096 --- [main] org.apache.catalina.core.StandardEngine  : Starting Servlet engine: [Apache Tomcat/9.0.71]
2023-03-25 23:29:45.977  INFO 3096 --- [main] o.a.c.c.C.[Tomcat].[localhost].[/]       : Initializing Spring embedded WebApplicationContext
2023-03-25 23:29:45.978  INFO 3096 --- [main] w.s.c.ServletWebServerApplicationContext : Root WebApplicationContext: initialization completed in 2388 ms
2023-03-25 23:29:46.039  INFO 3096 --- [main] com.zaxxer.hikari.HikariDataSource       : HikariPool-1 - Starting...
2023-03-25 23:29:46.274  INFO 3096 --- [main] com.zaxxer.hikari.HikariDataSource       : HikariPool-1 - Start completed.
2023-03-25 23:29:46.294  INFO 3096 --- [main] o.s.b.a.h2.H2ConsoleAutoConfiguration    : H2 console available at '/h2swastika'. Database available at 'jdbc:h2:mem:swastika'
2023-03-25 23:29:46.445  INFO 3096 --- [main] o.hibernate.jpa.internal.util.LogHelper  : HHH000204: Processing PersistenceUnitInfo [name: default]
2023-03-25 23:29:46.512  INFO 3096 --- [main] org.hibernate.Version                    : HHH000412: Hibernate ORM core version 5.6.15.Final
2023-03-25 23:29:46.734  INFO 3096 --- [main] o.hibernate.annotations.common.Version   : HCANN000001: Hibernate Commons Annotations {5.1.2.Final}
2023-03-25 23:29:46.915  INFO 3096 --- [main] org.hibernate.dialect.Dialect            : HHH000400: Using dialect: org.hibernate.dialect.H2Dialect
2023-03-25 23:29:47.942  INFO 3096 --- [main] o.h.e.t.j.p.i.JtaPlatformInitiator       : HHH000490: Using JtaPlatform implementation: [org.hibernate.engine.transaction.jta.platform.internal.NoJtaPlatform]
2023-03-25 23:29:47.959  INFO 3096 --- [main] j.LocalContainerEntityManagerFactoryBean : Initialized JPA EntityManagerFactory for persistence unit 'default'
2023-03-25 23:29:48.567  INFO 3096 --- [main] o.s.s.web.DefaultSecurityFilterChain     : Will secure any request with [org.springframework.security.web.session.DisableEncodeUrlFilter@8dedec8, org.springframework.security.web.context.request.async.WebAsyncManagerIntegrationFilter@226e95e9, org.springframework.security.web.context.SecurityContextPersistenceFilter@58e7f930, org.springframework.security.web.header.HeaderWriterFilter@46c2189e, org.springframework.security.web.authentication.logout.LogoutFilter@424ec990, org.springframework.security.web.authentication.www.BasicAuthenticationFilter@6219006a, org.springframework.security.web.savedrequest.RequestCacheAwareFilter@14e93c46, org.springframework.security.web.servletapi.SecurityContextHolderAwareRequestFilter@32245b66, org.springframework.security.web.authentication.AnonymousAuthenticationFilter@27bf574b, org.springframework.security.web.session.SessionManagementFilter@6dfebd2a, org.springframework.security.web.access.ExceptionTranslationFilter@3d1b43d8, org.springframework.security.web.access.intercept.AuthorizationFilter@1c382179]
2023-03-25 23:29:48.616  WARN 3096 --- [main] JpaBaseConfiguration$JpaWebConfiguration : spring.jpa.open-in-view is enabled by default. Therefore, database queries may be performed during view rendering. Explicitly configure spring.jpa.open-in-view to disable this warning
2023-03-25 23:29:49.094  INFO 3096 --- [main] o.s.b.w.embedded.tomcat.TomcatWebServer  : Tomcat started on port(s): 9999 (http) with context path ''
2023-03-25 23:29:49.110  INFO 3096 --- [main] e.a.AlumnimanagmentsystemApplication     : Started AlumnimanagmentsystemApplication in 6.565 seconds (JVM running for 7.503)
2023-03-25 23:32:55.725  INFO 3096 --- [RMI TCP Connection(11)-127.0.0.1] inMXBeanRegistrar$SpringApplicationAdmin : Application shutdown requested.
2023-03-25 23:32:56.628  INFO 3096 --- [RMI TCP Connection(11)-127.0.0.1] o.apache.catalina.core.StandardService   : Stopping service [Tomcat]
2023-03-25 23:32:56.682  INFO 3096 --- [RMI TCP Connection(11)-127.0.0.1] j.LocalContainerEntityManagerFactoryBean : Closing JPA EntityManagerFactory for persistence unit 'default'
2023-03-25 23:32:56.693  INFO 3096 --- [RMI TCP Connection(11)-127.0.0.1] com.zaxxer.hikari.HikariDataSource       : HikariPool-1 - Shutdown initiated...
2023-03-25 23:32:56.712  INFO 3096 --- [RMI TCP Connection(11)-127.0.0.1] com.zaxxer.hikari.HikariDataSource       : HikariPool-1 - Shutdown completed.
